0 info it worked if it ends with ok
1 verbose cli [ 'node', '/usr/local/bin/npm', 'install', '-g', 'lineman' ]
2 info using npm@1.4.9
3 info using node@v0.10.28
4 verbose cache add [ 'lineman', null ]
5 verbose cache add name=undefined spec="lineman" args=["lineman",null]
6 verbose parsed url { protocol: null,
6 verbose parsed url   slashes: null,
6 verbose parsed url   auth: null,
6 verbose parsed url   host: null,
6 verbose parsed url   port: null,
6 verbose parsed url   hostname: null,
6 verbose parsed url   hash: null,
6 verbose parsed url   search: null,
6 verbose parsed url   query: null,
6 verbose parsed url   pathname: 'lineman',
6 verbose parsed url   path: 'lineman',
6 verbose parsed url   href: 'lineman' }
7 silly lockFile ede4bb72-lineman lineman
8 verbose lock lineman /Users/justin/.npm/ede4bb72-lineman.lock
9 silly lockFile ede4bb72-lineman lineman
10 silly lockFile ede4bb72-lineman lineman
11 verbose addNamed [ 'lineman', '' ]
12 verbose addNamed [ null, '*' ]
13 silly lockFile ea700902-lineman lineman@
14 verbose lock lineman@ /Users/justin/.npm/ea700902-lineman.lock
15 silly addNameRange { name: 'lineman', range: '*', hasData: false }
16 verbose url raw lineman
17 verbose url resolving [ 'https://registry.npmjs.org/', './lineman' ]
18 verbose url resolved https://registry.npmjs.org/lineman
19 info trying registry request attempt 1 at 16:09:12
20 verbose etag "1GZQEI7MNO6XPD0P6S0AB5UE2"
21 http GET https://registry.npmjs.org/lineman
22 http 304 https://registry.npmjs.org/lineman
23 silly registry.get cb [ 304,
23 silly registry.get   { date: 'Tue, 05 Aug 2014 20:09:12 GMT',
23 silly registry.get     server: 'Apache',
23 silly registry.get     via: '1.1 varnish',
23 silly registry.get     'last-modified': 'Tue, 05 Aug 2014 20:09:12 GMT',
23 silly registry.get     'cache-control': 'max-age=60',
23 silly registry.get     etag: '"1GZQEI7MNO6XPD0P6S0AB5UE2"',
23 silly registry.get     'x-served-by': 'cache-dfw1826-DFW',
23 silly registry.get     'x-cache': 'MISS',
23 silly registry.get     'x-cache-hits': '0',
23 silly registry.get     'x-timer': 'S1407269352.308899,VS0,VE56',
23 silly registry.get     vary: 'Accept',
23 silly registry.get     'content-length': '0',
23 silly registry.get     'keep-alive': 'timeout=10, max=50',
23 silly registry.get     connection: 'Keep-Alive' } ]
24 verbose etag lineman from cache
25 silly addNameRange number 2 { name: 'lineman', range: '*', hasData: true }
26 silly addNameRange versions [ 'lineman',
26 silly addNameRange   [ '0.0.1',
26 silly addNameRange     '0.0.2',
26 silly addNameRange     '0.0.3',
26 silly addNameRange     '0.0.4',
26 silly addNameRange     '0.0.5',
26 silly addNameRange     '0.1.0',
26 silly addNameRange     '0.1.1',
26 silly addNameRange     '0.1.2',
26 silly addNameRange     '0.1.3',
26 silly addNameRange     '0.1.4',
26 silly addNameRange     '0.1.5',
26 silly addNameRange     '0.1.6',
26 silly addNameRange     '0.1.7',
26 silly addNameRange     '0.1.8',
26 silly addNameRange     '0.1.9',
26 silly addNameRange     '0.2.0',
26 silly addNameRange     '0.2.1',
26 silly addNameRange     '0.2.2',
26 silly addNameRange     '0.2.3',
26 silly addNameRange     '0.2.4',
26 silly addNameRange     '0.3.0',
26 silly addNameRange     '0.3.1',
26 silly addNameRange     '0.3.2',
26 silly addNameRange     '0.4.0',
26 silly addNameRange     '0.4.1',
26 silly addNameRange     '0.4.2',
26 silly addNameRange     '0.4.3',
26 silly addNameRange     '0.4.4',
26 silly addNameRange     '0.4.5',
26 silly addNameRange     '0.4.6',
26 silly addNameRange     '0.4.7',
26 silly addNameRange     '0.4.8',
26 silly addNameRange     '0.4.9',
26 silly addNameRange     '0.4.10',
26 silly addNameRange     '0.4.11',
26 silly addNameRange     '0.5.0',
26 silly addNameRange     '0.5.1',
26 silly addNameRange     '0.5.2',
26 silly addNameRange     '0.6.0',
26 silly addNameRange     '0.6.1',
26 silly addNameRange     '0.6.2',
26 silly addNameRange     '0.6.3',
26 silly addNameRange     '0.6.4',
26 silly addNameRange     '0.6.5',
26 silly addNameRange     '0.6.6',
26 silly addNameRange     '0.7.0',
26 silly addNameRange     '0.7.1',
26 silly addNameRange     '0.8.0',
26 silly addNameRange     '0.8.1',
26 silly addNameRange     '0.8.2',
26 silly addNameRange     '0.8.3',
26 silly addNameRange     '0.8.4',
26 silly addNameRange     '0.9.0',
26 silly addNameRange     '0.10.0',
26 silly addNameRange     '0.10.1',
26 silly addNameRange     '0.11.0',
26 silly addNameRange     '0.11.1',
26 silly addNameRange     '0.11.2',
26 silly addNameRange     '0.11.3',
26 silly addNameRange     '0.11.4',
26 silly addNameRange     '0.11.5',
26 silly addNameRange     '0.11.6',
26 silly addNameRange     '0.12.0',
26 silly addNameRange     '0.12.1',
26 silly addNameRange     '0.12.2',
26 silly addNameRange     '0.12.3',
26 silly addNameRange     '0.12.4',
26 silly addNameRange     '0.12.5',
26 silly addNameRange     '0.13.0',
26 silly addNameRange     '0.13.1',
26 silly addNameRange     '0.14.0',
26 silly addNameRange     '0.14.1',
26 silly addNameRange     '0.14.2',
26 silly addNameRange     '0.14.3',
26 silly addNameRange     '0.14.4',
26 silly addNameRange     '0.15.0-beta1',
26 silly addNameRange     '0.14.5',
26 silly addNameRange     '0.15.0-beta2',
26 silly addNameRange     '0.15.0',
26 silly addNameRange     '0.15.1',
26 silly addNameRange     '0.16.0',
26 silly addNameRange     '0.16.1',
26 silly addNameRange     '0.17.0',
26 silly addNameRange     '0.18.0',
26 silly addNameRange     '0.18.1',
26 silly addNameRange     '0.18.2',
26 silly addNameRange     '0.18.3',
26 silly addNameRange     '0.19.0',
26 silly addNameRange     '0.19.1',
26 silly addNameRange     '0.19.2',
26 silly addNameRange     '0.19.3',
26 silly addNameRange     '0.19.4',
26 silly addNameRange     '0.20.0',
26 silly addNameRange     '0.21.0',
26 silly addNameRange     '0.21.1',
26 silly addNameRange     '0.21.2',
26 silly addNameRange     '0.21.3',
26 silly addNameRange     '0.22.0',
26 silly addNameRange     '0.23.0',
26 silly addNameRange     '0.23.1',
26 silly addNameRange     '0.23.2',
26 silly addNameRange     '0.23.3',
26 silly addNameRange     '0.24.0',
26 silly addNameRange     '0.24.1',
26 silly addNameRange     '0.24.2',
26 silly addNameRange     '0.24.3',
26 silly addNameRange     '0.24.4',
26 silly addNameRange     '0.24.5',
26 silly addNameRange     '0.24.7',
26 silly addNameRange     '0.24.8',
26 silly addNameRange     '0.24.9',
26 silly addNameRange     '0.24.10',
26 silly addNameRange     '0.25.0',
26 silly addNameRange     '0.26.0',
26 silly addNameRange     '0.27.0',
26 silly addNameRange     '0.27.1',
26 silly addNameRange     '0.27.2',
26 silly addNameRange     '0.28.0',
26 silly addNameRange     '0.28.1',
26 silly addNameRange     '0.28.2',
26 silly addNameRange     '0.28.3',
26 silly addNameRange     '0.29.0',
26 silly addNameRange     '0.29.1',
26 silly addNameRange     '0.29.2',
26 silly addNameRange     '0.29.3',
26 silly addNameRange     '0.30.0',
26 silly addNameRange     '0.31.0',
26 silly addNameRange     '0.32.0',
26 silly addNameRange     '0.32.1',
26 silly addNameRange     '0.32.2',
26 silly addNameRange     '0.33.0',
26 silly addNameRange     '0.33.1',
26 silly addNameRange     '0.33.2',
26 silly addNameRange     '0.33.3',
26 silly addNameRange     '0.33.4' ] ]
27 verbose addNamed [ 'lineman', '0.33.4' ]
28 verbose addNamed [ '0.33.4', '0.33.4' ]
29 silly lockFile cd4bb82a-lineman-0-33-4 lineman@0.33.4
30 verbose lock lineman@0.33.4 /Users/justin/.npm/cd4bb82a-lineman-0-33-4.lock
31 silly lockFile cd4bb82a-lineman-0-33-4 lineman@0.33.4
32 silly lockFile cd4bb82a-lineman-0-33-4 lineman@0.33.4
33 silly lockFile ea700902-lineman lineman@
34 silly lockFile ea700902-lineman lineman@
35 silly resolved [ { name: 'lineman',
35 silly resolved     description: 'A grunt-based project scaffold for HTML/CSS/JS apps',
35 silly resolved     version: '0.33.4',
35 silly resolved     homepage: 'http://linemanjs.com',
35 silly resolved     author: { name: 'Justin Searls', email: 'justin@testdouble.com' },
35 silly resolved     preferGlobal: true,
35 silly resolved     repository: { type: 'git', url: 'https://github.com/linemanjs/lineman.git' },
35 silly resolved     bugs: { url: 'https://github.com/linemanjs/lineman/issues' },
35 silly resolved     bin: { lineman: './cli.js' },
35 silly resolved     main: 'lineman',
35 silly resolved     dependencies:
35 silly resolved      { 'coffee-script': '1.6.3',
35 silly resolved        commander: '1.3.2',
35 silly resolved        'config-extend': '0.0.6',
35 silly resolved        'connect-livereload': '^0.4.0',
35 silly resolved        express: '3.4.0',
35 silly resolved        fetcher: '~0.2.0',
35 silly resolved        grunt: '0.4.1',
35 silly resolved        'grunt-asset-fingerprint': '~0.2.0',
35 silly resolved        'grunt-concat-sourcemap': '~0.4.0',
35 silly resolved        'grunt-contrib-clean': '0.5.0',
35 silly resolved        'grunt-contrib-coffee': '0.7.0',
35 silly resolved        'grunt-contrib-copy': '0.4.1',
35 silly resolved        'grunt-contrib-cssmin': '0.6.1',
35 silly resolved        'grunt-contrib-handlebars': '0.8.0',
35 silly resolved        'grunt-contrib-jshint': '0.6.4',
35 silly resolved        'grunt-contrib-jst': '0.5.1',
35 silly resolved        'grunt-contrib-sass': '0.5.0',
35 silly resolved        'grunt-contrib-uglify': '0.2.4',
35 silly resolved        'grunt-watch-nospawn': '0.0.7',
35 silly resolved        'http-proxy': '0.10.3',
35 silly resolved        js2coffee: '~0.2.7',
35 silly resolved        lodash: '~0.9.0',
35 silly resolved        'normalize-package-data': '~0.2.9',
35 silly resolved        resolve: '~0.6.1',
35 silly resolved        semver: '2.1.0',
35 silly resolved        testem: '0.6.15',
35 silly resolved        'underscore.string': '~2.3.3',
35 silly resolved        'watch_r-structr-lock': '0.0.1' },
35 silly resolved     devDependencies: { 'grunt-release': '~0.7.0' },
35 silly resolved     licenses: [ [Object] ],
35 silly resolved     keywords: [ 'lineman', 'grunt', 'yeoman', 'build', 'happiness', 'scaffold' ],
35 silly resolved     readme: '# Lineman\n\n[![Build Status](https://travis-ci.org/linemanjs/lineman.png?branch=master)](https://travis-ci.org/linemanjs/lineman)\n\n## Documentation\n\nLineman is a tool to help you build fat-client webapp projects. It requires [node.js](http://nodejs.org) & [npm](http://npmjs.org) and wouldn\'t be possible without [grunt](http://gruntjs.com/).\n\nLineman is documented thoroughly at [linemanjs.com](http://linemanjs.com).\n\n## Install\n\nTo install Lineman, first install [Node.js](http://nodejs.org) and then run:\n\n``` bash\n$ npm install -g lineman\n```\n\nTo create a new project:\n\n```\n$ lineman new banana-stand\n```\n\nWhich will print out some basic instructions.\n\n## License\n\nLineman is copyright of Test Double and is licensed under the MIT License.\n',
35 silly resolved     readmeFilename: 'README.md',
35 silly resolved     _id: 'lineman@0.33.4',
35 silly resolved     _shasum: '3c694866d722858c7749705a48372f7b85790397',
35 silly resolved     _from: 'lineman@' } ]
36 info install lineman@0.33.4 into /usr/local/lib
37 info installOne lineman@0.33.4
38 info /usr/local/lib/node_modules/lineman unbuild
39 info preuninstall lineman@0.33.4
40 info uninstall lineman@0.33.4
41 verbose true,/usr/local/lib/node_modules,/usr/local/lib/node_modules unbuild lineman@0.33.4
42 verbose /usr/local/bin,[object Object] binRoot
43 info postuninstall lineman@0.33.4
44 info /usr/local/lib/node_modules/lineman unbuild
45 info preuninstall lineman@0.33.4
46 info uninstall lineman@0.33.4
47 verbose true,/usr/local/lib/node_modules,/usr/local/lib/node_modules unbuild lineman@0.33.4
48 verbose /usr/local/bin,[object Object] binRoot
49 info postuninstall lineman@0.33.4
50 error error rolling back Error: EACCES, unlink '/usr/local/lib/node_modules/lineman'
50 error error rolling back  lineman@0.33.4 { [Error: EACCES, unlink '/usr/local/lib/node_modules/lineman']
50 error error rolling back   errno: 3,
50 error error rolling back   code: 'EACCES',
50 error error rolling back   path: '/usr/local/lib/node_modules/lineman' }
51 error Error: EACCES, unlink '/usr/local/lib/node_modules/lineman'
51 error  { [Error: EACCES, unlink '/usr/local/lib/node_modules/lineman']
51 error   errno: 3,
51 error   code: 'EACCES',
51 error   path: '/usr/local/lib/node_modules/lineman' }
52 error Please try running this command again as root/Administrator.
53 error System Darwin 14.0.0
54 error command "node" "/usr/local/bin/npm" "install" "-g" "lineman"
55 error cwd /Users/justin/code/ginkgotree/foo
56 error node -v v0.10.28
57 error npm -v 1.4.9
58 error path /usr/local/lib/node_modules/lineman
59 error code EACCES
60 error errno 3
61 error stack Error: EACCES, unlink '/usr/local/lib/node_modules/lineman'
62 verbose exit [ 3, true ]
